EDA Netlist Writer report for Exp01Task01
Tue Aug 25 12:55:18 2020
Quartus II Version 8.1 Build 163 10/28/2008 SJ Web Edition


---------------------
; Table of Contents ;
---------------------
  1. Legal Notice
  2. EDA Netlist Writer Summary
  3. Simulation Settings
  4. Simulation Generated Files
  5. Timing Analysis Settings
  6. Timing Analysis Generated Files
  7. EDA Netlist Writer Messages



----------------
; Legal Notice ;
----------------
Copyright (C) 1991-2008 Altera Corporation
Your use of Altera Corporation's design tools, logic functions 
and other software and tools, and its AMPP partner logic 
functions, and any output files from any of the foregoing 
(including device programming or simulation files), and any 
associated documentation or information are expressly subject 
to the terms and conditions of the Altera Program License 
Subscription Agreement, Altera MegaCore Function License 
Agreement, or other applicable license agreement, including, 
without limitation, that your use is for the sole purpose of 
programming logic devices manufactured by Altera and sold by 
Altera or its authorized distributors.  Please refer to the 
applicable agreement for further details.



+------------------------------------------------------------------------+
; EDA Netlist Writer Summary                                             ;
+--------------------------------+---------------------------------------+
; EDA Netlist Writer Status      ; Successful - Tue Aug 25 12:55:18 2020 ;
; Revision Name                  ; Exp01Task01                           ;
; Top-level Entity Name          ; Exp01Task01                           ;
; Family                         ; FLEX10KE                              ;
; Simulation Files Creation      ; Successful                            ;
; Timing Analysis Files Creation ; Successful                            ;
+--------------------------------+---------------------------------------+


+-----------------------------------------------------------------------------------------------------------------+
; Simulation Settings                                                                                             ;
+--------------------------------------------------------------------------------------------+--------------------+
; Option                                                                                     ; Setting            ;
+--------------------------------------------------------------------------------------------+--------------------+
; Tool Name                                                                                  ; Custom Verilog HDL ;
; Generate netlist for functional simulation only                                            ; Off                ;
; Time scale                                                                                 ; 1 ps               ;
; Truncate long hierarchy paths                                                              ; Off                ;
; Map illegal HDL characters                                                                 ; Off                ;
; Flatten buses into individual nodes                                                        ; Off                ;
; Maintain hierarchy                                                                         ; Off                ;
; Bring out device-wide set/reset signals as ports                                           ; Off                ;
; Enable glitch filtering                                                                    ; Off                ;
; Do not write top level VHDL entity                                                         ; Off                ;
; Disable setup and hold time violations detection in input registers of bi-directional pins ; Off                ;
; Architecture name in VHDL output netlist                                                   ; structure          ;
+--------------------------------------------------------------------------------------------+--------------------+


+------------------------------------------------------------------------------------------------------+
; Simulation Generated Files                                                                           ;
+------------------------------------------------------------------------------------------------------+
; Generated Files                                                                                      ;
+------------------------------------------------------------------------------------------------------+
; D:/Documents/BRACU/11. 2020 Summer/CSE460/Lab/Exp 01/Exp01Task01/simulation/custom/Exp01Task01.vo    ;
; D:/Documents/BRACU/11. 2020 Summer/CSE460/Lab/Exp 01/Exp01Task01/simulation/custom/Exp01Task01_v.sdo ;
+------------------------------------------------------------------------------------------------------+


+----------------------------------------------------------+
; Timing Analysis Settings                                 ;
+-------------------------------------+--------------------+
; Option                              ; Setting            ;
+-------------------------------------+--------------------+
; Tool Name                           ; Custom Verilog HDL ;
; Time scale                          ; 1 ps               ;
; Truncate long hierarchy paths       ; Off                ;
; Map illegal HDL characters          ; Off                ;
; Flatten buses into individual nodes ; Off                ;
+-------------------------------------+--------------------+


+--------------------------------------------------------------------------------------------------+
; Timing Analysis Generated Files                                                                  ;
+--------------------------------------------------------------------------------------------------+
; Generated Files                                                                                  ;
+--------------------------------------------------------------------------------------------------+
; D:/Documents/BRACU/11. 2020 Summer/CSE460/Lab/Exp 01/Exp01Task01/timing/custom/Exp01Task01.vo    ;
; D:/Documents/BRACU/11. 2020 Summer/CSE460/Lab/Exp 01/Exp01Task01/timing/custom/Exp01Task01_v.sdo ;
+--------------------------------------------------------------------------------------------------+


+-----------------------------+
; EDA Netlist Writer Messages ;
+-----------------------------+
Info: *******************************************************************
Info: Running Quartus II EDA Netlist Writer
    Info: Version 8.1 Build 163 10/28/2008 SJ Web Edition
    Info: Processing started: Tue Aug 25 12:55:18 2020
Info: Command: quartus_eda --read_settings_files=off --write_settings_files=off Exp01Task01 -c Exp01Task01
Info: Generated files "Exp01Task01.vo" and "Exp01Task01_v.sdo" in directory "D:/Documents/BRACU/11. 2020 Summer/CSE460/Lab/Exp 01/Exp01Task01/simulation/custom/" for EDA simulation tool
Info: Generated files "Exp01Task01.vo" and "Exp01Task01_v.sdo" in directory "D:/Documents/BRACU/11. 2020 Summer/CSE460/Lab/Exp 01/Exp01Task01/timing/custom/" for EDA timing analysis tool
Info: Quartus II EDA Netlist Writer was successful. 0 errors, 0 warnings
    Info: Peak virtual memory: 156 megabytes
    Info: Processing ended: Tue Aug 25 12:55:18 2020
    Info: Elapsed time: 00:00:00
    Info: Total CPU time (on all processors): 00:00:00


