Classic Timing Analyzer report for Exp02Task02
Tue Aug 25 19:37:47 2020
Quartus II Version 8.1 Build 163 10/28/2008 SJ Web Edition


---------------------
; Table of Contents ;
---------------------
  1. Legal Notice
  2. Timing Analyzer Summary
  3. Timing Analyzer Settings
  4. tpd
  5. Timing Analyzer Messages



----------------
; Legal Notice ;
----------------
Copyright (C) 1991-2008 Altera Corporation
Your use of Altera Corporation's design tools, logic functions 
and other software and tools, and its AMPP partner logic 
functions, and any output files from any of the foregoing 
(including device programming or simulation files), and any 
associated documentation or information are expressly subject 
to the terms and conditions of the Altera Program License 
Subscription Agreement, Altera MegaCore Function License 
Agreement, or other applicable license agreement, including, 
without limitation, that your use is for the sole purpose of 
programming logic devices manufactured by Altera and sold by 
Altera or its authorized distributors.  Please refer to the 
applicable agreement for further details.



+-------------------------------------------------------------------------------------------------------------------------+
; Timing Analyzer Summary                                                                                                 ;
+------------------------------+-------+---------------+-------------+------+------+------------+----------+--------------+
; Type                         ; Slack ; Required Time ; Actual Time ; From ; To   ; From Clock ; To Clock ; Failed Paths ;
+------------------------------+-------+---------------+-------------+------+------+------------+----------+--------------+
; Worst-case tpd               ; N/A   ; None          ; 7.600 ns    ; i[1] ; y[6] ; --         ; --       ; 0            ;
; Total number of failed paths ;       ;               ;             ;      ;      ;            ;          ; 0            ;
+------------------------------+-------+---------------+-------------+------+------+------------+----------+--------------+


+--------------------------------------------------------------------------------------------------------------------+
; Timing Analyzer Settings                                                                                           ;
+---------------------------------------------------------------------+--------------------+------+----+-------------+
; Option                                                              ; Setting            ; From ; To ; Entity Name ;
+---------------------------------------------------------------------+--------------------+------+----+-------------+
; Device Name                                                         ; EPF10K30ETC144-1   ;      ;    ;             ;
; Timing Models                                                       ; Final              ;      ;    ;             ;
; Default hold multicycle                                             ; Same as Multicycle ;      ;    ;             ;
; Cut paths between unrelated clock domains                           ; On                 ;      ;    ;             ;
; Cut off read during write signal paths                              ; On                 ;      ;    ;             ;
; Cut off feedback from I/O pins                                      ; On                 ;      ;    ;             ;
; Report Combined Fast/Slow Timing                                    ; Off                ;      ;    ;             ;
; Ignore Clock Settings                                               ; Off                ;      ;    ;             ;
; Analyze latches as synchronous elements                             ; On                 ;      ;    ;             ;
; Enable Recovery/Removal analysis                                    ; Off                ;      ;    ;             ;
; Enable Clock Latency                                                ; Off                ;      ;    ;             ;
; Use TimeQuest Timing Analyzer                                       ; Off                ;      ;    ;             ;
; Number of source nodes to report per destination node               ; 10                 ;      ;    ;             ;
; Number of destination nodes to report                               ; 10                 ;      ;    ;             ;
; Number of paths to report                                           ; 200                ;      ;    ;             ;
; Report Minimum Timing Checks                                        ; Off                ;      ;    ;             ;
; Use Fast Timing Models                                              ; Off                ;      ;    ;             ;
; Report IO Paths Separately                                          ; Off                ;      ;    ;             ;
; Perform Multicorner Analysis                                        ; Off                ;      ;    ;             ;
; Reports the worst-case path for each clock domain and analysis      ; Off                ;      ;    ;             ;
; Removes common clock path pessimism (CCPP) during slack computation ; Off                ;      ;    ;             ;
; Output I/O Timing Endpoint                                          ; Near End           ;      ;    ;             ;
+---------------------------------------------------------------------+--------------------+------+----+-------------+


+-----------------------------------------------------------+
; tpd                                                       ;
+-------+-------------------+-----------------+------+------+
; Slack ; Required P2P Time ; Actual P2P Time ; From ; To   ;
+-------+-------------------+-----------------+------+------+
; N/A   ; None              ; 7.600 ns        ; i[2] ; y[6] ;
; N/A   ; None              ; 7.600 ns        ; i[1] ; y[6] ;
; N/A   ; None              ; 7.400 ns        ; i[0] ; y[6] ;
; N/A   ; None              ; 7.300 ns        ; i[0] ; y[7] ;
; N/A   ; None              ; 7.300 ns        ; i[2] ; y[7] ;
; N/A   ; None              ; 7.300 ns        ; i[0] ; y[3] ;
; N/A   ; None              ; 7.300 ns        ; i[1] ; y[3] ;
; N/A   ; None              ; 7.200 ns        ; i[0] ; y[5] ;
; N/A   ; None              ; 7.200 ns        ; i[2] ; y[5] ;
; N/A   ; None              ; 7.200 ns        ; i[0] ; y[4] ;
; N/A   ; None              ; 7.200 ns        ; i[2] ; y[4] ;
; N/A   ; None              ; 7.200 ns        ; i[2] ; y[2] ;
; N/A   ; None              ; 7.200 ns        ; i[1] ; y[2] ;
; N/A   ; None              ; 7.200 ns        ; i[0] ; y[0] ;
; N/A   ; None              ; 7.200 ns        ; i[2] ; y[0] ;
; N/A   ; None              ; 7.100 ns        ; i[1] ; y[7] ;
; N/A   ; None              ; 7.100 ns        ; i[2] ; y[3] ;
; N/A   ; None              ; 7.100 ns        ; i[0] ; y[1] ;
; N/A   ; None              ; 7.100 ns        ; i[2] ; y[1] ;
; N/A   ; None              ; 7.000 ns        ; i[1] ; y[5] ;
; N/A   ; None              ; 7.000 ns        ; i[1] ; y[4] ;
; N/A   ; None              ; 7.000 ns        ; i[0] ; y[2] ;
; N/A   ; None              ; 7.000 ns        ; i[1] ; y[0] ;
; N/A   ; None              ; 6.900 ns        ; i[1] ; y[1] ;
+-------+-------------------+-----------------+------+------+


+--------------------------+
; Timing Analyzer Messages ;
+--------------------------+
Info: *******************************************************************
Info: Running Quartus II Classic Timing Analyzer
    Info: Version 8.1 Build 163 10/28/2008 SJ Web Edition
    Info: Processing started: Tue Aug 25 19:37:47 2020
Info: Command: quartus_tan --read_settings_files=off --write_settings_files=off Exp02Task02 -c Exp02Task02
Info: Started post-fitting delay annotation
Info: Delay annotation completed successfully
Info: Longest tpd from source pin "i[2]" to destination pin "y[6]" is 7.600 ns
    Info: 1: + IC(0.000 ns) + CELL(1.300 ns) = 1.300 ns; Loc. = PIN_124; Fanout = 8; PIN Node = 'i[2]'
    Info: 2: + IC(0.200 ns) + CELL(1.000 ns) = 2.500 ns; Loc. = LC5_F18; Fanout = 1; COMB Node = 'Equal0~81'
    Info: 3: + IC(1.300 ns) + CELL(3.800 ns) = 7.600 ns; Loc. = PIN_32; Fanout = 0; PIN Node = 'y[6]'
    Info: Total cell delay = 6.100 ns ( 80.26 % )
    Info: Total interconnect delay = 1.500 ns ( 19.74 % )
Info: Quartus II Classic Timing Analyzer was successful. 0 errors, 0 warnings
    Info: Peak virtual memory: 179 megabytes
    Info: Processing ended: Tue Aug 25 19:37:47 2020
    Info: Elapsed time: 00:00:00
    Info: Total CPU time (on all processors): 00:00:00


