Analysis & Synthesis report for Exp02Task01
Tue Aug 25 18:22:55 2020
Quartus II Version 8.1 Build 163 10/28/2008 SJ Web Edition


---------------------
; Table of Contents ;
---------------------
  1. Legal Notice
  2. Analysis & Synthesis Summary
  3. Analysis & Synthesis Settings
  4. Analysis & Synthesis Source Files Read
  5. Analysis & Synthesis Resource Usage Summary
  6. Analysis & Synthesis Resource Utilization by Entity
  7. User-Specified and Inferred Latches
  8. General Register Statistics
  9. Analysis & Synthesis Messages



----------------
; Legal Notice ;
----------------
Copyright (C) 1991-2008 Altera Corporation
Your use of Altera Corporation's design tools, logic functions 
and other software and tools, and its AMPP partner logic 
functions, and any output files from any of the foregoing 
(including device programming or simulation files), and any 
associated documentation or information are expressly subject 
to the terms and conditions of the Altera Program License 
Subscription Agreement, Altera MegaCore Function License 
Agreement, or other applicable license agreement, including, 
without limitation, that your use is for the sole purpose of 
programming logic devices manufactured by Altera and sold by 
Altera or its authorized distributors.  Please refer to the 
applicable agreement for further details.



+-----------------------------------------------------------------------+
; Analysis & Synthesis Summary                                          ;
+-----------------------------+-----------------------------------------+
; Analysis & Synthesis Status ; Successful - Tue Aug 25 18:22:55 2020   ;
; Quartus II Version          ; 8.1 Build 163 10/28/2008 SJ Web Edition ;
; Revision Name               ; Exp02Task01                             ;
; Top-level Entity Name       ; Exp02Task01                             ;
; Family                      ; FLEX10KE                                ;
; Total logic elements        ; 9                                       ;
; Total pins                  ; 8                                       ;
; Total memory bits           ; 0                                       ;
; Total PLLs                  ; 0                                       ;
+-----------------------------+-----------------------------------------+


+-----------------------------------------------------------------------------------------------+
; Analysis & Synthesis Settings                                                                 ;
+----------------------------------------------------------------+--------------+---------------+
; Option                                                         ; Setting      ; Default Value ;
+----------------------------------------------------------------+--------------+---------------+
; Top-level entity name                                          ; Exp02Task01  ; Exp02Task01   ;
; Family name                                                    ; FLEX10KE     ; Stratix II    ;
; Type of Retiming Performed During Resynthesis                  ; Full         ;               ;
; Resynthesis Optimization Effort                                ; Normal       ;               ;
; Physical Synthesis Level for Resynthesis                       ; Normal       ;               ;
; Use Generated Physical Constraints File                        ; On           ;               ;
; Use smart compilation                                          ; Off          ; Off           ;
; Create Debugging Nodes for IP Cores                            ; Off          ; Off           ;
; Preserve fewer node names                                      ; On           ; On            ;
; Disable OpenCore Plus hardware evaluation                      ; Off          ; Off           ;
; Verilog Version                                                ; Verilog_2001 ; Verilog_2001  ;
; VHDL Version                                                   ; VHDL93       ; VHDL93        ;
; State Machine Processing                                       ; Auto         ; Auto          ;
; Safe State Machine                                             ; Off          ; Off           ;
; Extract Verilog State Machines                                 ; On           ; On            ;
; Extract VHDL State Machines                                    ; On           ; On            ;
; Ignore Verilog initial constructs                              ; Off          ; Off           ;
; Iteration limit for constant Verilog loops                     ; 5000         ; 5000          ;
; Iteration limit for non-constant Verilog loops                 ; 250          ; 250           ;
; Add Pass-Through Logic to Inferred RAMs                        ; On           ; On            ;
; Parallel Synthesis                                             ; Off          ; Off           ;
; NOT Gate Push-Back                                             ; On           ; On            ;
; Power-Up Don't Care                                            ; On           ; On            ;
; Remove Redundant Logic Cells                                   ; Off          ; Off           ;
; Remove Duplicate Registers                                     ; On           ; On            ;
; Ignore CARRY Buffers                                           ; Off          ; Off           ;
; Ignore CASCADE Buffers                                         ; Off          ; Off           ;
; Ignore GLOBAL Buffers                                          ; Off          ; Off           ;
; Ignore ROW GLOBAL Buffers                                      ; Off          ; Off           ;
; Ignore LCELL Buffers                                           ; Off          ; Off           ;
; Ignore SOFT Buffers                                            ; On           ; On            ;
; Limit AHDL Integers to 32 Bits                                 ; Off          ; Off           ;
; Auto Implement in ROM                                          ; Off          ; Off           ;
; Optimization Technique                                         ; Area         ; Area          ;
; Carry Chain Length                                             ; 32           ; 32            ;
; Cascade Chain Length                                           ; 2            ; 2             ;
; Auto Carry Chains                                              ; On           ; On            ;
; Auto Open-Drain Pins                                           ; On           ; On            ;
; Auto ROM Replacement                                           ; On           ; On            ;
; Auto RAM Replacement                                           ; On           ; On            ;
; Auto Clock Enable Replacement                                  ; On           ; On            ;
; Strict RAM Replacement                                         ; Off          ; Off           ;
; Auto Resource Sharing                                          ; Off          ; Off           ;
; Allow Any RAM Size For Recognition                             ; Off          ; Off           ;
; Allow Any ROM Size For Recognition                             ; Off          ; Off           ;
; Use LogicLock Constraints during Resource Balancing            ; On           ; On            ;
; Ignore translate_off and synthesis_off directives              ; Off          ; Off           ;
; Show Parameter Settings Tables in Synthesis Report             ; On           ; On            ;
; HDL message level                                              ; Level2       ; Level2        ;
; Suppress Register Optimization Related Messages                ; Off          ; Off           ;
; Number of Removed Registers Reported in Synthesis Report       ; 100          ; 100           ;
; Number of Inverted Registers Reported in Synthesis Report      ; 100          ; 100           ;
; Block Design Naming                                            ; Auto         ; Auto          ;
; Synthesis Effort                                               ; Auto         ; Auto          ;
; Allows Asynchronous Clear Usage For Shift Register Replacement ; On           ; On            ;
; Analysis & Synthesis Message Level                             ; Medium       ; Medium        ;
+----------------------------------------------------------------+--------------+---------------+


+--------------------------------------------------------------------------------------------------------------------------------------------------------------+
; Analysis & Synthesis Source Files Read                                                                                                                       ;
+----------------------------------+-----------------+------------------------+--------------------------------------------------------------------------------+
; File Name with User-Entered Path ; Used in Netlist ; File Type              ; File Name with Absolute Path                                                   ;
+----------------------------------+-----------------+------------------------+--------------------------------------------------------------------------------+
; Exp02Task01.v                    ; yes             ; User Verilog HDL File  ; D:/Documents/BRACU/11. 2020 Summer/CSE460/Lab/Exp 02/Exp02Task01/Exp02Task01.v ;
+----------------------------------+-----------------+------------------------+--------------------------------------------------------------------------------+


+---------------------------------------------+
; Analysis & Synthesis Resource Usage Summary ;
+--------------------------------+------------+
; Resource                       ; Usage      ;
+--------------------------------+------------+
; Total logic elements           ; 9          ;
; Total combinational functions  ; 9          ;
;     -- Total 4-input functions ; 4          ;
;     -- Total 3-input functions ; 3          ;
;     -- Total 2-input functions ; 2          ;
;     -- Total 1-input functions ; 0          ;
;     -- Total 0-input functions ; 0          ;
; Total registers                ; 0          ;
; I/O pins                       ; 8          ;
; Maximum fan-out node           ; s[1]       ;
; Maximum fan-out                ; 7          ;
; Total fan-out                  ; 33         ;
; Average fan-out                ; 1.94       ;
+--------------------------------+------------+


+--------------------------------------------------------------------------------------------------------------------------------------------------------------------------------------------------------+
; Analysis & Synthesis Resource Utilization by Entity                                                                                                                                                    ;
+----------------------------+-------------+--------------+-------------+------+--------------+-------------------+------------------+-----------------+------------+---------------------+--------------+
; Compilation Hierarchy Node ; Logic Cells ; LC Registers ; Memory Bits ; Pins ; LUT-Only LCs ; Register-Only LCs ; LUT/Register LCs ; Carry Chain LCs ; Packed LCs ; Full Hierarchy Name ; Library Name ;
+----------------------------+-------------+--------------+-------------+------+--------------+-------------------+------------------+-----------------+------------+---------------------+--------------+
; |Exp02Task01               ; 9 (9)       ; 0            ; 0           ; 8    ; 9 (9)        ; 0 (0)             ; 0 (0)            ; 0 (0)           ; 0 (0)      ; |Exp02Task01        ; work         ;
+----------------------------+-------------+--------------+-------------+------+--------------+-------------------+------------------+-----------------+------------+---------------------+--------------+
Note: For table entries with two numbers listed, the numbers in parentheses indicate the number of resources of the given type used by the specific entity alone. The numbers listed outside of parentheses indicate the total resources of the given type used by the specific entity and all of its sub-entities in the hierarchy.


+---------------------------------------------------------------------------------------------------+
; User-Specified and Inferred Latches                                                               ;
+----------------------------------------------------+---------------------+------------------------+
; Latch Name                                         ; Latch Enable Signal ; Free of Timing Hazards ;
+----------------------------------------------------+---------------------+------------------------+
; y[0]$latch                                         ; VCC                 ; yes                    ;
; y[1]$latch                                         ; Equal0              ; yes                    ;
; y[2]$latch                                         ; VCC                 ; yes                    ;
; y[3]$latch                                         ; Equal0              ; yes                    ;
; Number of user-specified and inferred latches = 4  ;                     ;                        ;
+----------------------------------------------------+---------------------+------------------------+
Note: All latches listed above may not be present at the end of synthesis due to various synthesis optimizations.


+------------------------------------------------------+
; General Register Statistics                          ;
+----------------------------------------------+-------+
; Statistic                                    ; Value ;
+----------------------------------------------+-------+
; Total registers                              ; 0     ;
; Number of registers using Synchronous Clear  ; 0     ;
; Number of registers using Synchronous Load   ; 0     ;
; Number of registers using Asynchronous Clear ; 0     ;
; Number of registers using Asynchronous Load  ; 0     ;
; Number of registers using Clock Enable       ; 0     ;
; Number of registers using Preset             ; 0     ;
+----------------------------------------------+-------+


+-------------------------------+
; Analysis & Synthesis Messages ;
+-------------------------------+
Info: *******************************************************************
Info: Running Quartus II Analysis & Synthesis
    Info: Version 8.1 Build 163 10/28/2008 SJ Web Edition
    Info: Processing started: Tue Aug 25 18:22:55 2020
Info: Command: quartus_map --read_settings_files=on --write_settings_files=off Exp02Task01 -c Exp02Task01
Info: Found 1 design units, including 1 entities, in source file Exp02Task01.v
    Info: Found entity 1: Exp02Task01
Warning: EDA synthesis tool is specified as "Custom", but Library Mapping File is not specified
Warning: EDA synthesis tool is specified as "Custom", but VCC is not specified
Warning: EDA synthesis tool is specified as "Custom", but GND is not specified
Info: Elaborating entity "Exp02Task01" for the top level hierarchy
Warning (10235): Verilog HDL Always Construct warning at Exp02Task01.v(13): variable "i" is read inside the Always Construct but isn't in the Always Construct's Event Control
Warning (10235): Verilog HDL Always Construct warning at Exp02Task01.v(19): variable "i" is read inside the Always Construct but isn't in the Always Construct's Event Control
Warning (10235): Verilog HDL Always Construct warning at Exp02Task01.v(25): variable "i" is read inside the Always Construct but isn't in the Always Construct's Event Control
Warning (10235): Verilog HDL Always Construct warning at Exp02Task01.v(31): variable "i" is read inside the Always Construct but isn't in the Always Construct's Event Control
Warning (10240): Verilog HDL Always Construct warning at Exp02Task01.v(5): inferring latch(es) for variable "y", which holds its previous value in one or more paths through the always construct
Info (10041): Inferred latch for "y[0]" at Exp02Task01.v(38)
Info (10041): Inferred latch for "y[1]" at Exp02Task01.v(38)
Info (10041): Inferred latch for "y[2]" at Exp02Task01.v(38)
Info (10041): Inferred latch for "y[3]" at Exp02Task01.v(38)
Warning: Latch y[1]$latch has unsafe behavior
    Warning: Ports D and ENA on the latch are fed by the same signal s[1]
    Warning: Ports ENA and CLR on the latch are fed by the same signal s[1]
Warning: Latch y[3]$latch has unsafe behavior
    Warning: Ports ENA and CLR on the latch are fed by the same signal s[1]
Info: Implemented 17 device resources after synthesis - the final resource count might be different
    Info: Implemented 4 input pins
    Info: Implemented 4 output pins
    Info: Implemented 9 logic cells
Info: Quartus II Analysis & Synthesis was successful. 0 errors, 13 warnings
    Info: Peak virtual memory: 213 megabytes
    Info: Processing ended: Tue Aug 25 18:22:55 2020
    Info: Elapsed time: 00:00:00
    Info: Total CPU time (on all processors): 00:00:01


