Classic Timing Analyzer report for Exp02Task01
Tue Aug 25 18:23:00 2020
Quartus II Version 8.1 Build 163 10/28/2008 SJ Web Edition


---------------------
; Table of Contents ;
---------------------
  1. Legal Notice
  2. Timing Analyzer Summary
  3. Timing Analyzer Settings
  4. Clock Settings Summary
  5. tsu
  6. tco
  7. tpd
  8. th
  9. Timing Analyzer Messages



----------------
; Legal Notice ;
----------------
Copyright (C) 1991-2008 Altera Corporation
Your use of Altera Corporation's design tools, logic functions 
and other software and tools, and its AMPP partner logic 
functions, and any output files from any of the foregoing 
(including device programming or simulation files), and any 
associated documentation or information are expressly subject 
to the terms and conditions of the Altera Program License 
Subscription Agreement, Altera MegaCore Function License 
Agreement, or other applicable license agreement, including, 
without limitation, that your use is for the sole purpose of 
programming logic devices manufactured by Altera and sold by 
Altera or its authorized distributors.  Please refer to the 
applicable agreement for further details.



+-------------------------------------------------------------------------------------------------------------------------------------+
; Timing Analyzer Summary                                                                                                             ;
+------------------------------+-------+---------------+-------------+------------+------------+------------+----------+--------------+
; Type                         ; Slack ; Required Time ; Actual Time ; From       ; To         ; From Clock ; To Clock ; Failed Paths ;
+------------------------------+-------+---------------+-------------+------------+------------+------------+----------+--------------+
; Worst-case tsu               ; N/A   ; None          ; 2.400 ns    ; i          ; y[1]$latch ; --         ; s[0]     ; 0            ;
; Worst-case tco               ; N/A   ; None          ; 8.800 ns    ; y[3]$latch ; y[3]       ; s[1]       ; --       ; 0            ;
; Worst-case tpd               ; N/A   ; None          ; 7.300 ns    ; en         ; y[0]       ; --         ; --       ; 0            ;
; Worst-case th                ; N/A   ; None          ; 1.900 ns    ; i          ; y[3]$latch ; --         ; s[1]     ; 0            ;
; Total number of failed paths ;       ;               ;             ;            ;            ;            ;          ; 0            ;
+------------------------------+-------+---------------+-------------+------------+------------+------------+----------+--------------+


+--------------------------------------------------------------------------------------------------------------------+
; Timing Analyzer Settings                                                                                           ;
+---------------------------------------------------------------------+--------------------+------+----+-------------+
; Option                                                              ; Setting            ; From ; To ; Entity Name ;
+---------------------------------------------------------------------+--------------------+------+----+-------------+
; Device Name                                                         ; EPF10K30ETC144-1   ;      ;    ;             ;
; Timing Models                                                       ; Final              ;      ;    ;             ;
; Default hold multicycle                                             ; Same as Multicycle ;      ;    ;             ;
; Cut paths between unrelated clock domains                           ; On                 ;      ;    ;             ;
; Cut off read during write signal paths                              ; On                 ;      ;    ;             ;
; Cut off feedback from I/O pins                                      ; On                 ;      ;    ;             ;
; Report Combined Fast/Slow Timing                                    ; Off                ;      ;    ;             ;
; Ignore Clock Settings                                               ; Off                ;      ;    ;             ;
; Analyze latches as synchronous elements                             ; On                 ;      ;    ;             ;
; Enable Recovery/Removal analysis                                    ; Off                ;      ;    ;             ;
; Enable Clock Latency                                                ; Off                ;      ;    ;             ;
; Use TimeQuest Timing Analyzer                                       ; Off                ;      ;    ;             ;
; Number of source nodes to report per destination node               ; 10                 ;      ;    ;             ;
; Number of destination nodes to report                               ; 10                 ;      ;    ;             ;
; Number of paths to report                                           ; 200                ;      ;    ;             ;
; Report Minimum Timing Checks                                        ; Off                ;      ;    ;             ;
; Use Fast Timing Models                                              ; Off                ;      ;    ;             ;
; Report IO Paths Separately                                          ; Off                ;      ;    ;             ;
; Perform Multicorner Analysis                                        ; Off                ;      ;    ;             ;
; Reports the worst-case path for each clock domain and analysis      ; Off                ;      ;    ;             ;
; Removes common clock path pessimism (CCPP) during slack computation ; Off                ;      ;    ;             ;
; Output I/O Timing Endpoint                                          ; Near End           ;      ;    ;             ;
+---------------------------------------------------------------------+--------------------+------+----+-------------+


+------------------------------------------------------------------------------------------------------------------------------------------------------------------------------------+
; Clock Settings Summary                                                                                                                                                             ;
+-----------------+--------------------+----------+------------------+---------------+--------------+----------+-----------------------+---------------------+--------+--------------+
; Clock Node Name ; Clock Setting Name ; Type     ; Fmax Requirement ; Early Latency ; Late Latency ; Based on ; Multiply Base Fmax by ; Divide Base Fmax by ; Offset ; Phase offset ;
+-----------------+--------------------+----------+------------------+---------------+--------------+----------+-----------------------+---------------------+--------+--------------+
; s[0]            ;                    ; User Pin ; None             ; 0.000 ns      ; 0.000 ns     ; --       ; N/A                   ; N/A                 ; N/A    ;              ;
; s[1]            ;                    ; User Pin ; None             ; 0.000 ns      ; 0.000 ns     ; --       ; N/A                   ; N/A                 ; N/A    ;              ;
+-----------------+--------------------+----------+------------------+---------------+--------------+----------+-----------------------+---------------------+--------+--------------+


+------------------------------------------------------------------+
; tsu                                                              ;
+-------+--------------+------------+------+------------+----------+
; Slack ; Required tsu ; Actual tsu ; From ; To         ; To Clock ;
+-------+--------------+------------+------+------------+----------+
; N/A   ; None         ; 2.400 ns   ; s[0] ; y[1]$latch ; s[0]     ;
; N/A   ; None         ; 2.400 ns   ; i    ; y[1]$latch ; s[0]     ;
; N/A   ; None         ; 2.200 ns   ; s[1] ; y[1]$latch ; s[0]     ;
; N/A   ; None         ; 2.200 ns   ; s[0] ; y[1]$latch ; s[1]     ;
; N/A   ; None         ; 2.200 ns   ; i    ; y[1]$latch ; s[1]     ;
; N/A   ; None         ; 2.000 ns   ; s[1] ; y[1]$latch ; s[1]     ;
; N/A   ; None         ; 0.400 ns   ; i    ; y[3]$latch ; s[0]     ;
; N/A   ; None         ; 0.200 ns   ; i    ; y[3]$latch ; s[1]     ;
+-------+--------------+------------+------+------------+----------+


+--------------------------------------------------------------------+
; tco                                                                ;
+-------+--------------+------------+------------+------+------------+
; Slack ; Required tco ; Actual tco ; From       ; To   ; From Clock ;
+-------+--------------+------------+------------+------+------------+
; N/A   ; None         ; 8.800 ns   ; y[3]$latch ; y[3] ; s[1]       ;
; N/A   ; None         ; 8.600 ns   ; y[3]$latch ; y[3] ; s[0]       ;
; N/A   ; None         ; 7.700 ns   ; y[1]$latch ; y[1] ; s[1]       ;
; N/A   ; None         ; 7.500 ns   ; y[1]$latch ; y[1] ; s[0]       ;
+-------+--------------+------------+------------+------+------------+


+-----------------------------------------------------------+
; tpd                                                       ;
+-------+-------------------+-----------------+------+------+
; Slack ; Required P2P Time ; Actual P2P Time ; From ; To   ;
+-------+-------------------+-----------------+------+------+
; N/A   ; None              ; 7.300 ns        ; en   ; y[2] ;
; N/A   ; None              ; 7.300 ns        ; en   ; y[0] ;
; N/A   ; None              ; 7.200 ns        ; i    ; y[2] ;
; N/A   ; None              ; 7.200 ns        ; s[1] ; y[2] ;
; N/A   ; None              ; 7.200 ns        ; i    ; y[0] ;
; N/A   ; None              ; 7.200 ns        ; s[1] ; y[0] ;
; N/A   ; None              ; 7.000 ns        ; s[0] ; y[2] ;
; N/A   ; None              ; 7.000 ns        ; s[0] ; y[0] ;
+-------+-------------------+-----------------+------+------+


+------------------------------------------------------------------------+
; th                                                                     ;
+---------------+-------------+-----------+------+------------+----------+
; Minimum Slack ; Required th ; Actual th ; From ; To         ; To Clock ;
+---------------+-------------+-----------+------+------------+----------+
; N/A           ; None        ; 1.900 ns  ; i    ; y[3]$latch ; s[1]     ;
; N/A           ; None        ; 1.700 ns  ; i    ; y[3]$latch ; s[0]     ;
; N/A           ; None        ; 0.100 ns  ; s[1] ; y[1]$latch ; s[1]     ;
; N/A           ; None        ; -0.100 ns ; s[1] ; y[1]$latch ; s[0]     ;
; N/A           ; None        ; -0.100 ns ; s[0] ; y[1]$latch ; s[1]     ;
; N/A           ; None        ; -0.100 ns ; i    ; y[1]$latch ; s[1]     ;
; N/A           ; None        ; -0.300 ns ; s[0] ; y[1]$latch ; s[0]     ;
; N/A           ; None        ; -0.300 ns ; i    ; y[1]$latch ; s[0]     ;
+---------------+-------------+-----------+------+------------+----------+


+--------------------------+
; Timing Analyzer Messages ;
+--------------------------+
Info: *******************************************************************
Info: Running Quartus II Classic Timing Analyzer
    Info: Version 8.1 Build 163 10/28/2008 SJ Web Edition
    Info: Processing started: Tue Aug 25 18:23:00 2020
Info: Command: quartus_tan --read_settings_files=off --write_settings_files=off Exp02Task01 -c Exp02Task01
Info: Started post-fitting delay annotation
Info: Delay annotation completed successfully
Warning: Timing Analysis is analyzing one or more combinational loops as latches
    Warning: Node "y[1]$latch" is a latch
    Warning: Node "y[3]$latch" is a latch
Warning: Found pins functioning as undefined clocks and/or memory enables
    Info: Assuming node "s[0]" is a latch enable and/or memory write/read enable. Will not compute fmax for this pin.
    Info: Assuming node "s[1]" is a latch enable and/or memory write/read enable. Will not compute fmax for this pin.
Warning: Found 2 node(s) in clock paths which may be acting as ripple and/or gated clocks -- node(s) analyzed as buffer(s) resulting in clock skew
    Info: Detected gated clock "Equal0~36" as buffer
    Info: Detected gated clock "Equal0~35" as buffer
Info: tsu for register "y[1]$latch" (data pin = "s[0]", clock pin = "s[0]") is 2.400 ns
    Info: + Longest pin to register delay is 3.700 ns
        Info: 1: + IC(0.000 ns) + CELL(1.300 ns) = 1.300 ns; Loc. = PIN_124; Fanout = 7; CLK Node = 's[0]'
        Info: 2: + IC(0.200 ns) + CELL(1.000 ns) = 2.500 ns; Loc. = LC4_A17; Fanout = 1; COMB Node = 'y[1]~87'
        Info: 3: + IC(0.100 ns) + CELL(1.100 ns) = 3.700 ns; Loc. = LC7_A17; Fanout = 1; REG Node = 'y[1]$latch'
        Info: Total cell delay = 3.400 ns ( 91.89 % )
        Info: Total interconnect delay = 0.300 ns ( 8.11 % )
    Info: + Micro setup delay of destination is 2.100 ns
    Info: - Shortest clock path from clock "s[0]" to destination register is 3.400 ns
        Info: 1: + IC(0.000 ns) + CELL(1.300 ns) = 1.300 ns; Loc. = PIN_124; Fanout = 7; CLK Node = 's[0]'
        Info: 2: + IC(0.200 ns) + CELL(0.800 ns) = 2.300 ns; Loc. = LC5_A17; Fanout = 1; COMB Node = 'Equal0~35'
        Info: 3: + IC(0.100 ns) + CELL(1.000 ns) = 3.400 ns; Loc. = LC7_A17; Fanout = 1; REG Node = 'y[1]$latch'
        Info: Total cell delay = 3.100 ns ( 91.18 % )
        Info: Total interconnect delay = 0.300 ns ( 8.82 % )
Info: tco from clock "s[1]" to destination pin "y[3]" through register "y[3]$latch" is 8.800 ns
    Info: + Longest clock path from clock "s[1]" to source register is 4.400 ns
        Info: 1: + IC(0.000 ns) + CELL(1.300 ns) = 1.300 ns; Loc. = PIN_126; Fanout = 7; CLK Node = 's[1]'
        Info: 2: + IC(0.200 ns) + CELL(1.000 ns) = 2.500 ns; Loc. = LC3_A17; Fanout = 1; COMB Node = 'Equal0~36'
        Info: 3: + IC(0.900 ns) + CELL(1.000 ns) = 4.400 ns; Loc. = LC5_A4; Fanout = 1; REG Node = 'y[3]$latch'
        Info: Total cell delay = 3.300 ns ( 75.00 % )
        Info: Total interconnect delay = 1.100 ns ( 25.00 % )
    Info: + Micro clock to output delay of source is 0.000 ns
    Info: + Longest register to pin delay is 4.400 ns
        Info: 1: + IC(0.000 ns) + CELL(0.000 ns) = 0.000 ns; Loc. = LC5_A4; Fanout = 1; REG Node = 'y[3]$latch'
        Info: 2: + IC(0.600 ns) + CELL(3.800 ns) = 4.400 ns; Loc. = PIN_101; Fanout = 0; PIN Node = 'y[3]'
        Info: Total cell delay = 3.800 ns ( 86.36 % )
        Info: Total interconnect delay = 0.600 ns ( 13.64 % )
Info: Longest tpd from source pin "en" to destination pin "y[2]" is 7.300 ns
    Info: 1: + IC(0.000 ns) + CELL(1.300 ns) = 1.300 ns; Loc. = PIN_54; Fanout = 4; PIN Node = 'en'
    Info: 2: + IC(0.200 ns) + CELL(1.100 ns) = 2.600 ns; Loc. = LC1_A17; Fanout = 1; COMB Node = 'y[2]$latch~21'
    Info: 3: + IC(0.900 ns) + CELL(3.800 ns) = 7.300 ns; Loc. = PIN_102; Fanout = 0; PIN Node = 'y[2]'
    Info: Total cell delay = 6.200 ns ( 84.93 % )
    Info: Total interconnect delay = 1.100 ns ( 15.07 % )
Info: th for register "y[3]$latch" (data pin = "i", clock pin = "s[1]") is 1.900 ns
    Info: + Longest clock path from clock "s[1]" to destination register is 4.400 ns
        Info: 1: + IC(0.000 ns) + CELL(1.300 ns) = 1.300 ns; Loc. = PIN_126; Fanout = 7; CLK Node = 's[1]'
        Info: 2: + IC(0.200 ns) + CELL(1.000 ns) = 2.500 ns; Loc. = LC3_A17; Fanout = 1; COMB Node = 'Equal0~36'
        Info: 3: + IC(0.900 ns) + CELL(1.000 ns) = 4.400 ns; Loc. = LC5_A4; Fanout = 1; REG Node = 'y[3]$latch'
        Info: Total cell delay = 3.300 ns ( 75.00 % )
        Info: Total interconnect delay = 1.100 ns ( 25.00 % )
    Info: + Micro hold delay of destination is 0.000 ns
    Info: - Shortest pin to register delay is 2.500 ns
        Info: 1: + IC(0.000 ns) + CELL(1.300 ns) = 1.300 ns; Loc. = PIN_56; Fanout = 4; PIN Node = 'i'
        Info: 2: + IC(0.100 ns) + CELL(1.100 ns) = 2.500 ns; Loc. = LC5_A4; Fanout = 1; REG Node = 'y[3]$latch'
        Info: Total cell delay = 2.400 ns ( 96.00 % )
        Info: Total interconnect delay = 0.100 ns ( 4.00 % )
Info: Quartus II Classic Timing Analyzer was successful. 0 errors, 5 warnings
    Info: Peak virtual memory: 179 megabytes
    Info: Processing ended: Tue Aug 25 18:23:00 2020
    Info: Elapsed time: 00:00:00
    Info: Total CPU time (on all processors): 00:00:00


